<?xml version="1.0" encoding="UTF-8"?>
<!-- Generated by org.testng.reporters.JUnitReportReporter -->
<testsuite hostname="DESKTOP-1M9J8MG" failures="0" tests="3" name="tests.EndToEndScenario" time="10.513" errors="0" timestamp="2022-09-21T17:43:32 EET" skipped="0">
  <testcase classname="tests.EndToEndScenario" name="login" time="1.800"/>
  <system-out/>
  <testcase classname="tests.EndToEndScenario" name="RegisterTest" time="4.218"/>
  <system-out/>
  <testcase classname="tests.EndToEndScenario" name="purchasingProduct" time="4.495"/>
  <system-out/>
</testsuite> <!-- tests.EndToEndScenario -->
