<?xml version="1.0" encoding="UTF-8"?>
<!-- Generated by org.testng.reporters.JUnitReportReporter -->
<testsuite hostname="DESKTOP-1M9J8MG" failures="0" tests="3" name="tests.EndToEndScenario" time="44.254" errors="0" timestamp="2022-09-17T10:03:05 EET" skipped="0">
  <testcase classname="tests.EndToEndScenario" name="RegisterTest" time="21.006"/>
  <system-out/>
  <testcase classname="tests.EndToEndScenario" name="login" time="12.366"/>
  <system-out/>
  <testcase classname="tests.EndToEndScenario" name="purchasingProduct" time="10.882"/>
  <system-out/>
</testsuite> <!-- tests.EndToEndScenario -->
