<?xml version="1.0" encoding="UTF-8"?>
<!-- Generated by org.testng.reporters.JUnitReportReporter -->
<testsuite hostname="DESKTOP-1M9J8MG" failures="0" tests="3" name="tests.EndToEndScenario" time="14.104" errors="0" timestamp="2022-09-22T15:15:06 EET" skipped="0">
  <testcase classname="tests.EndToEndScenario" name="login" time="2.860"/>
  <system-out/>
  <testcase classname="tests.EndToEndScenario" name="RegisterTest" time="5.057"/>
  <system-out/>
  <testcase classname="tests.EndToEndScenario" name="purchasingProduct" time="6.187"/>
  <system-out/>
</testsuite> <!-- tests.EndToEndScenario -->
