<?xml version="1.0" encoding="UTF-8"?>
<!-- Generated by org.testng.reporters.JUnitReportReporter -->
<testsuite hostname="DESKTOP-1M9J8MG" failures="0" tests="2" name="tests.AuthTest" time="12.328" errors="0" timestamp="2022-09-17T01:00:47 EET" skipped="0">
  <testcase classname="tests.AuthTest" name="RegisterTest" time="9.973"/>
  <system-out/>
  <testcase classname="tests.AuthTest" name="login" time="2.355"/>
  <system-out/>
</testsuite> <!-- tests.AuthTest -->
